<?xml version="1.0" encoding="UTF-8" standalone="no"?>
<testsuite failures="0" name="cucumber.runtime.formatter.JUnitFormatter" skipped="0" tests="2" time="20.256569">
    <testcase classname="Swag Labs login feature" name="Successful Login" time="10.917138">
        <system-out>
            <![CDATA[Given I am on the Sauce Demo Login Page.....................................passed
When I fill the account information for account StandardUser into the "standard_user" field and the "secret_sauce" field.passed
And I click the Login Button................................................passed
Then I am redirected to the Sauce Demo Main Page............................passed
And I verify the App Logo exists............................................passed
]]>
        </system-out>
    </testcase>
    <testcase classname="Swag Labs login feature" name="Failed Login" time="9.339431">
        <system-out>
            <![CDATA[Given I am on the Sauce Demo Login Page.....................................passed
When I fill the account information for account StandardUser into the "locked_out_user" field and the "secret_sauce" field.passed
And I click the Login Button................................................passed
Then I verify the Error Message contains the text "Sorry, this user has been banned.".passed
]]>
        </system-out>
    </testcase>
</testsuite>
